server(started, 1599852390).
/*Fri Sep 11 21:26:29 2020*/ request(20, 1599852389.749, [peer(ip(127,0,0,1)),method(get),request_uri('/home'),path('/home'),http_version(1-1),host(localhost),port(8080),user_agent('Mozilla/5.0 (X11; Ubuntu; Linux x86_64; rv:80.0) Gecko/20100101 Firefox/80.0'),connection('keep-alive'),upgrade_insecure_requests('1'),cache_control('max-age=0')]).
completed(20, 0.004056745999999999, 1301, 200, ok).
/*Fri Sep 11 21:26:55 2020*/ request(21, 1599852415.324, [peer(ip(127,0,0,1)),method(get),request_uri('/select_test?option=8'),path('/select_test'),search([option='8']),http_version(1-1),host(localhost),port(8080),user_agent('Mozilla/5.0 (X11; Ubuntu; Linux x86_64; rv:80.0) Gecko/20100101 Firefox/80.0'),referer('http://localhost:8080/home'),connection('keep-alive')]).
completed(21, 0.0019413399999999997, 548, 200, ok).
/*Fri Sep 11 21:26:55 2020*/ request(22, 1599852415.328, [peer(ip(127,0,0,1)),method(get),request_uri('/select_test?option=8'),path('/select_test'),search([option='8']),http_version(1-1),host(localhost),port(8080),user_agent('Mozilla/5.0 (X11; Ubuntu; Linux x86_64; rv:80.0) Gecko/20100101 Firefox/80.0'),referer('http://localhost:8080/home'),connection('keep-alive')]).
completed(22, 0.002270221000000001, 548, 200, ok).
/*Fri Sep 11 21:26:55 2020*/ request(23, 1599852415.332, [peer(ip(127,0,0,1)),method(get),request_uri('/select_test?option=8'),path('/select_test'),search([option='8']),http_version(1-1),host(localhost),port(8080),user_agent('Mozilla/5.0 (X11; Ubuntu; Linux x86_64; rv:80.0) Gecko/20100101 Firefox/80.0'),referer('http://localhost:8080/home'),connection('keep-alive')]).
completed(23, 0.0019577780000000003, 548, 200, ok).
/*Fri Sep 11 21:26:55 2020*/ request(24, 1599852415.336, [peer(ip(127,0,0,1)),method(get),request_uri('/select_test?option=8'),path('/select_test'),search([option='8']),http_version(1-1),host(localhost),port(8080),user_agent('Mozilla/5.0 (X11; Ubuntu; Linux x86_64; rv:80.0) Gecko/20100101 Firefox/80.0'),referer('http://localhost:8080/home'),connection('keep-alive')]).
completed(24, 0.0017596509999999992, 548, 200, ok).
/*Fri Sep 11 21:26:55 2020*/ request(25, 1599852415.340, [peer(ip(127,0,0,1)),method(get),request_uri('/select_test?option=8'),path('/select_test'),search([option='8']),http_version(1-1),host(localhost),port(8080),user_agent('Mozilla/5.0 (X11; Ubuntu; Linux x86_64; rv:80.0) Gecko/20100101 Firefox/80.0'),referer('http://localhost:8080/home'),connection('keep-alive')]).
completed(25, 0.0017636759999999987, 548, 200, ok).
/*Fri Sep 11 21:26:55 2020*/ request(26, 1599852415.343, [peer(ip(127,0,0,1)),method(get),request_uri('/select_test?option=8'),path('/select_test'),search([option='8']),http_version(1-1),host(localhost),port(8080),user_agent('Mozilla/5.0 (X11; Ubuntu; Linux x86_64; rv:80.0) Gecko/20100101 Firefox/80.0'),referer('http://localhost:8080/home'),connection('keep-alive')]).
completed(26, 0.0015277469999999994, 548, 200, ok).
/*Fri Sep 11 21:26:55 2020*/ request(27, 1599852415.347, [peer(ip(127,0,0,1)),method(get),request_uri('/select_test?option=8'),path('/select_test'),search([option='8']),http_version(1-1),host(localhost),port(8080),user_agent('Mozilla/5.0 (X11; Ubuntu; Linux x86_64; rv:80.0) Gecko/20100101 Firefox/80.0'),referer('http://localhost:8080/home'),connection('keep-alive')]).
completed(27, 0.0019564530000000004, 548, 200, ok).
/*Fri Sep 11 21:26:55 2020*/ request(28, 1599852415.351, [peer(ip(127,0,0,1)),method(get),request_uri('/select_test?option=8'),path('/select_test'),search([option='8']),http_version(1-1),host(localhost),port(8080),user_agent('Mozilla/5.0 (X11; Ubuntu; Linux x86_64; rv:80.0) Gecko/20100101 Firefox/80.0'),referer('http://localhost:8080/home'),connection('keep-alive')]).
completed(28, 0.001480971000000001, 548, 200, ok).
/*Fri Sep 11 21:26:55 2020*/ request(29, 1599852415.355, [peer(ip(127,0,0,1)),method(get),request_uri('/select_test?option=8'),path('/select_test'),search([option='8']),http_version(1-1),host(localhost),port(8080),user_agent('Mozilla/5.0 (X11; Ubuntu; Linux x86_64; rv:80.0) Gecko/20100101 Firefox/80.0'),referer('http://localhost:8080/home'),connection('keep-alive')]).
completed(29, 0.0016221100000000013, 548, 200, ok).
/*Fri Sep 11 21:26:55 2020*/ request(30, 1599852415.359, [peer(ip(127,0,0,1)),method(get),request_uri('/select_test?option=8'),path('/select_test'),search([option='8']),http_version(1-1),host(localhost),port(8080),user_agent('Mozilla/5.0 (X11; Ubuntu; Linux x86_64; rv:80.0) Gecko/20100101 Firefox/80.0'),referer('http://localhost:8080/home'),connection('keep-alive')]).
completed(30, 0.0019256030000000014, 548, 200, ok).
/*Fri Sep 11 21:39:02 2020*/ request(31, 1599853142.067, [peer(ip(127,0,0,1)),method(get),request_uri('/home'),path('/home'),http_version(1-1),host(localhost),port(8080),user_agent('Mozilla/5.0 (X11; Ubuntu; Linux x86_64; rv:80.0) Gecko/20100101 Firefox/80.0'),connection('keep-alive'),upgrade_insecure_requests('1'),cache_control('max-age=0')]).
completed(31, 0.0034493499999999995, 1301, 200, ok).
/*Fri Sep 11 21:39:07 2020*/ request(32, 1599853147.156, [peer(ip(127,0,0,1)),method(get),request_uri('/select_test?option=5'),path('/select_test'),search([option='5']),http_version(1-1),host(localhost),port(8080),user_agent('Mozilla/5.0 (X11; Ubuntu; Linux x86_64; rv:80.0) Gecko/20100101 Firefox/80.0'),referer('http://localhost:8080/home'),connection('keep-alive')]).
completed(32, 0.0022080190000000003, 69, 500, error("Arguments are not sufficiently instantiated")).
/*Fri Sep 11 21:41:15 2020*/ request(33, 1599853275.248, [peer(ip(127,0,0,1)),method(get),request_uri('/home'),path('/home'),http_version(1-1),host(localhost),port(8080),user_agent('Mozilla/5.0 (X11; Ubuntu; Linux x86_64; rv:80.0) Gecko/20100101 Firefox/80.0'),connection('keep-alive'),upgrade_insecure_requests('1'),cache_control('max-age=0')]).
completed(33, 0.003458087, 1301, 200, ok).
/*Fri Sep 11 21:41:19 2020*/ request(34, 1599853279.871, [peer(ip(127,0,0,1)),method(get),request_uri('/select_test?option=8'),path('/select_test'),search([option='8']),http_version(1-1),host(localhost),port(8080),user_agent('Mozilla/5.0 (X11; Ubuntu; Linux x86_64; rv:80.0) Gecko/20100101 Firefox/80.0'),referer('http://localhost:8080/home'),connection('keep-alive')]).
completed(34, 0.0026439750000000002, 634, 500, error("goal unexpectedly failed: presentest:select_test([protocol(http),peer(ip(127,0,0,1)),pool(client('httpd@8080',http_server:http_dispatch,<stream>(0x22de100),<stream>(0x22df600))),input(<stream>(0x22de100)),method(get),request_uri('/select_test?option=8'),path('/select_test'),search([option='8']),http_version(1-1),host(localhost),port(8080),user_agent('Mozilla/5.0 (X11; Ubuntu; Linux x86_64; rv:80.0) Gecko/20100101 Firefox/80.0'),accept([media(_5334/_5336,[],1.0,[])]),accept_language('en-US,en;q=0.5'),accept_encoding('gzip, deflate'),referer('http://localhost:8080/home'),connection('keep-alive')])")).
/*Fri Sep 11 21:41:30 2020*/ request(35, 1599853290.122, [peer(ip(127,0,0,1)),method(get),request_uri('/select_test?option=4'),path('/select_test'),search([option='4']),http_version(1-1),host(localhost),port(8080),user_agent('Mozilla/5.0 (X11; Ubuntu; Linux x86_64; rv:80.0) Gecko/20100101 Firefox/80.0'),referer('http://localhost:8080/home'),connection('keep-alive')]).
completed(35, 0.0042006230000000006, 634, 500, error("goal unexpectedly failed: presentest:select_test([protocol(http),peer(ip(127,0,0,1)),pool(client('httpd@8080',http_server:http_dispatch,<stream>(0x22e0b00),<stream>(0x22e0a00))),input(<stream>(0x22e0b00)),method(get),request_uri('/select_test?option=4'),path('/select_test'),search([option='4']),http_version(1-1),host(localhost),port(8080),user_agent('Mozilla/5.0 (X11; Ubuntu; Linux x86_64; rv:80.0) Gecko/20100101 Firefox/80.0'),accept([media(_4966/_4968,[],1.0,[])]),accept_language('en-US,en;q=0.5'),accept_encoding('gzip, deflate'),referer('http://localhost:8080/home'),connection('keep-alive')])")).
/*Fri Sep 11 21:46:21 2020*/ request(36, 1599853581.599, [peer(ip(127,0,0,1)),method(get),request_uri('/home'),path('/home'),http_version(1-1),host(localhost),port(8080),user_agent('Mozilla/5.0 (X11; Ubuntu; Linux x86_64; rv:80.0) Gecko/20100101 Firefox/80.0'),connection('keep-alive'),upgrade_insecure_requests('1'),cache_control('max-age=0')]).
completed(36, 0.003696803, 1301, 200, ok).
/*Fri Sep 11 21:46:30 2020*/ request(37, 1599853590.290, [peer(ip(127,0,0,1)),method(get),request_uri('/select_test?option=1'),path('/select_test'),search([option='1']),http_version(1-1),host(localhost),port(8080),user_agent('Mozilla/5.0 (X11; Ubuntu; Linux x86_64; rv:80.0) Gecko/20100101 Firefox/80.0'),referer('http://localhost:8080/home'),connection('keep-alive')]).
completed(37, 0.002256570999999999, 14, 200, ok).
/*Fri Sep 11 21:56:26 2020*/ request(38, 1599854186.268, [peer(ip(127,0,0,1)),method(get),request_uri('/home'),path('/home'),http_version(1-1),host(localhost),port(8080),user_agent('Mozilla/5.0 (X11; Ubuntu; Linux x86_64; rv:80.0) Gecko/20100101 Firefox/80.0'),connection('keep-alive'),upgrade_insecure_requests('1'),cache_control('max-age=0')]).
completed(38, 0.004122834000000001, 1481, 200, ok).
/*Fri Sep 11 21:59:09 2020*/ request(39, 1599854349.128, [peer(ip(127,0,0,1)),method(get),request_uri('/home'),path('/home'),http_version(1-1),host(localhost),port(8080),user_agent('Mozilla/5.0 (X11; Ubuntu; Linux x86_64; rv:80.0) Gecko/20100101 Firefox/80.0'),connection('keep-alive'),upgrade_insecure_requests('1'),cache_control('max-age=0')]).
completed(39, 0.003943831, 1503, 200, ok).
/*Fri Sep 11 21:59:12 2020*/ request(40, 1599854352.889, [peer(ip(127,0,0,1)),method(post),request_uri('/select_test'),path('/select_test'),http_version(1-1),host(localhost),port(8080),user_agent('Mozilla/5.0 (X11; Ubuntu; Linux x86_64; rv:80.0) Gecko/20100101 Firefox/80.0'),referer('http://localhost:8080/home'),content_type('application/json'),origin('http://localhost:8080'),content_length(14),connection('keep-alive')]).
completed(40, 0.002850428, 14, 200, ok).
/*Fri Sep 11 22:02:11 2020*/ request(41, 1599854531.890, [peer(ip(127,0,0,1)),method(get),request_uri('/home'),path('/home'),http_version(1-1),host(localhost),port(8080),user_agent('Mozilla/5.0 (X11; Ubuntu; Linux x86_64; rv:80.0) Gecko/20100101 Firefox/80.0'),connection('keep-alive'),upgrade_insecure_requests('1'),cache_control('max-age=0')]).
completed(41, 0.0043516499999999994, 1530, 200, ok).
/*Fri Sep 11 22:02:36 2020*/ request(42, 1599854556.600, [peer(ip(127,0,0,1)),method(get),request_uri('/home'),path('/home'),http_version(1-1),host(localhost),port(8080),user_agent('Mozilla/5.0 (X11; Ubuntu; Linux x86_64; rv:80.0) Gecko/20100101 Firefox/80.0'),connection('keep-alive'),upgrade_insecure_requests('1'),pragma('no-cache'),cache_control('no-cache')]).
completed(42, 0.0035447260000000015, 1530, 200, ok).
/*Fri Sep 11 22:02:37 2020*/ request(43, 1599854557.096, [peer(ip(127,0,0,1)),method(get),request_uri('/favicon.ico'),path('/favicon.ico'),http_version(1-1),host(localhost),port(8080),user_agent('Mozilla/5.0 (X11; Ubuntu; Linux x86_64; rv:80.0) Gecko/20100101 Firefox/80.0'),connection('keep-alive'),pragma('no-cache'),cache_control('no-cache')]).
completed(43, 0.0018330380000000004, 89, 404, error(404,'/favicon.ico')).
/*Fri Sep 11 22:02:41 2020*/ request(44, 1599854561.127, [peer(ip(127,0,0,1)),method(post),request_uri('/select_test'),path('/select_test'),http_version(1-1),host(localhost),port(8080),user_agent('Mozilla/5.0 (X11; Ubuntu; Linux x86_64; rv:80.0) Gecko/20100101 Firefox/80.0'),referer('http://localhost:8080/home'),content_type('application/json'),origin('http://localhost:8080'),content_length(14),connection('keep-alive')]).
completed(44, 0.003131895000000001, 14, 200, ok).
/*Fri Sep 11 22:08:34 2020*/ request(45, 1599854914.483, [peer(ip(127,0,0,1)),method(get),request_uri('/home'),path('/home'),http_version(1-1),host(localhost),port(8080),user_agent('Mozilla/5.0 (X11; Ubuntu; Linux x86_64; rv:80.0) Gecko/20100101 Firefox/80.0'),connection('keep-alive'),upgrade_insecure_requests('1'),cache_control('max-age=0')]).
completed(45, 0.003984207, 1530, 200, ok).
/*Fri Sep 11 22:08:39 2020*/ request(46, 1599854919.534, [peer(ip(127,0,0,1)),method(post),request_uri('/select_test'),path('/select_test'),http_version(1-1),host(localhost),port(8080),user_agent('Mozilla/5.0 (X11; Ubuntu; Linux x86_64; rv:80.0) Gecko/20100101 Firefox/80.0'),referer('http://localhost:8080/home'),content_type('application/json'),origin('http://localhost:8080'),content_length(14),connection('keep-alive')]).
completed(46, 0.003509287, 1007, 200, ok).
/*Fri Sep 11 22:09:45 2020*/ request(47, 1599854985.016, [peer(ip(127,0,0,1)),method(get),request_uri('/home'),path('/home'),http_version(1-1),host(localhost),port(8080),user_agent('Mozilla/5.0 (X11; Ubuntu; Linux x86_64; rv:80.0) Gecko/20100101 Firefox/80.0'),connection('keep-alive'),upgrade_insecure_requests('1'),cache_control('max-age=0')]).
completed(47, 0.004207248, 1559, 200, ok).
/*Fri Sep 11 22:09:48 2020*/ request(48, 1599854988.276, [peer(ip(127,0,0,1)),method(post),request_uri('/select_test'),path('/select_test'),http_version(1-1),host(localhost),port(8080),user_agent('Mozilla/5.0 (X11; Ubuntu; Linux x86_64; rv:80.0) Gecko/20100101 Firefox/80.0'),referer('http://localhost:8080/home'),content_type('application/json'),origin('http://localhost:8080'),content_length(14),connection('keep-alive')]).
completed(48, 0.0037903189999999995, 94, 200, ok).
/*Fri Sep 11 22:10:13 2020*/ request(49, 1599855013.587, [peer(ip(127,0,0,1)),method(get),request_uri('/home'),path('/home'),http_version(1-1),host(localhost),port(8080),user_agent('Mozilla/5.0 (X11; Ubuntu; Linux x86_64; rv:80.0) Gecko/20100101 Firefox/80.0'),connection('keep-alive'),upgrade_insecure_requests('1'),cache_control('max-age=0')]).
completed(49, 0.004234012, 1563, 200, ok).
/*Fri Sep 11 22:10:16 2020*/ request(50, 1599855016.463, [peer(ip(127,0,0,1)),method(post),request_uri('/select_test'),path('/select_test'),http_version(1-1),host(localhost),port(8080),user_agent('Mozilla/5.0 (X11; Ubuntu; Linux x86_64; rv:80.0) Gecko/20100101 Firefox/80.0'),referer('http://localhost:8080/home'),content_type('application/json'),origin('http://localhost:8080'),content_length(14),connection('keep-alive')]).
completed(50, 0.0034569250000000004, 154, 200, ok).
/*Fri Sep 11 22:10:24 2020*/ request(51, 1599855024.105, [peer(ip(127,0,0,1)),method(post),request_uri('/select_test'),path('/select_test'),http_version(1-1),host(localhost),port(8080),user_agent('Mozilla/5.0 (X11; Ubuntu; Linux x86_64; rv:80.0) Gecko/20100101 Firefox/80.0'),referer('http://localhost:8080/home'),content_type('application/json'),origin('http://localhost:8080'),content_length(14),connection('keep-alive')]).
completed(51, 0.0031290579999999997, 1007, 200, ok).
/*Fri Sep 11 22:10:30 2020*/ request(52, 1599855030.735, [peer(ip(127,0,0,1)),method(post),request_uri('/select_test'),path('/select_test'),http_version(1-1),host(localhost),port(8080),user_agent('Mozilla/5.0 (X11; Ubuntu; Linux x86_64; rv:80.0) Gecko/20100101 Firefox/80.0'),referer('http://localhost:8080/home'),content_type('application/json'),origin('http://localhost:8080'),content_length(14),connection('keep-alive')]).
completed(52, 0.003978268000000001, 94, 200, ok).
/*Fri Sep 11 22:10:37 2020*/ request(53, 1599855037.268, [peer(ip(127,0,0,1)),method(post),request_uri('/select_test'),path('/select_test'),http_version(1-1),host(localhost),port(8080),user_agent('Mozilla/5.0 (X11; Ubuntu; Linux x86_64; rv:80.0) Gecko/20100101 Firefox/80.0'),referer('http://localhost:8080/home'),content_type('application/json'),origin('http://localhost:8080'),content_length(14),connection('keep-alive')]).
completed(53, 0.003154683, 154, 200, ok).
/*Fri Sep 11 22:14:23 2020*/ request(54, 1599855263.049, [peer(ip(127,0,0,1)),method(get),request_uri('/home'),path('/home'),http_version(1-1),host(localhost),port(8080),user_agent('Mozilla/5.0 (X11; Ubuntu; Linux x86_64; rv:80.0) Gecko/20100101 Firefox/80.0'),connection('keep-alive'),upgrade_insecure_requests('1'),cache_control('max-age=0')]).
completed(54, 0.00407407, 1598, 200, ok).
/*Fri Sep 11 22:14:58 2020*/ request(55, 1599855298.103, [peer(ip(127,0,0,1)),method(get),request_uri('/home'),path('/home'),http_version(1-1),host(localhost),port(8080),user_agent('Mozilla/5.0 (X11; Ubuntu; Linux x86_64; rv:80.0) Gecko/20100101 Firefox/80.0'),connection('keep-alive'),upgrade_insecure_requests('1'),pragma('no-cache'),cache_control('no-cache')]).
completed(55, 0.003860605, 1599, 200, ok).
/*Fri Sep 11 22:15:05 2020*/ request(56, 1599855305.162, [peer(ip(127,0,0,1)),method(get),request_uri('/home'),path('/home'),http_version(1-1),host(localhost),port(8080),user_agent('Mozilla/5.0 (X11; Ubuntu; Linux x86_64; rv:80.0) Gecko/20100101 Firefox/80.0'),connection('keep-alive'),upgrade_insecure_requests('1'),cache_control('max-age=0')]).
completed(56, 0.003840543, 1599, 200, ok).
/*Fri Sep 11 22:15:08 2020*/ request(57, 1599855308.951, [peer(ip(127,0,0,1)),method(post),request_uri('/select_test'),path('/select_test'),http_version(1-1),host(localhost),port(8080),user_agent('Mozilla/5.0 (X11; Ubuntu; Linux x86_64; rv:80.0) Gecko/20100101 Firefox/80.0'),referer('http://localhost:8080/home'),content_type('application/json'),origin('http://localhost:8080'),content_length(14),connection('keep-alive')]).
completed(57, 0.0030913070000000006, 1007, 200, ok).
/*Fri Sep 11 22:17:14 2020*/ request(58, 1599855434.361, [peer(ip(127,0,0,1)),method(get),request_uri('/home'),path('/home'),http_version(1-1),host(localhost),port(8080),user_agent('Mozilla/5.0 (X11; Ubuntu; Linux x86_64; rv:80.0) Gecko/20100101 Firefox/80.0'),connection('keep-alive'),upgrade_insecure_requests('1'),cache_control('max-age=0')]).
completed(58, 0.004170572, 1612, 200, ok).
/*Fri Sep 11 22:17:15 2020*/ request(59, 1599855435.371, [peer(ip(127,0,0,1)),method(get),request_uri('/favicon.ico'),path('/favicon.ico'),http_version(1-1),host(localhost),port(8080),user_agent('Mozilla/5.0 (X11; Ubuntu; Linux x86_64; rv:80.0) Gecko/20100101 Firefox/80.0'),connection('keep-alive'),cache_control('max-age=0')]).
completed(59, 0.00208088, 89, 404, error(404,'/favicon.ico')).
/*Fri Sep 11 22:17:18 2020*/ request(60, 1599855438.614, [peer(ip(127,0,0,1)),method(post),request_uri('/select_test'),path('/select_test'),http_version(1-1),host(localhost),port(8080),user_agent('Mozilla/5.0 (X11; Ubuntu; Linux x86_64; rv:80.0) Gecko/20100101 Firefox/80.0'),referer('http://localhost:8080/home'),content_type('application/json'),origin('http://localhost:8080'),content_length(14),connection('keep-alive')]).
completed(60, 0.003510912999999999, 154, 200, ok).
/*Fri Sep 11 22:22:21 2020*/ request(61, 1599855741.170, [peer(ip(127,0,0,1)),method(get),request_uri('/home'),path('/home'),http_version(1-1),host(localhost),port(8080),user_agent('Mozilla/5.0 (X11; Ubuntu; Linux x86_64; rv:80.0) Gecko/20100101 Firefox/80.0'),connection('keep-alive'),upgrade_insecure_requests('1'),cache_control('max-age=0')]).
completed(61, 0.004168299, 1746, 200, ok).
/*Fri Sep 11 22:22:24 2020*/ request(62, 1599855744.596, [peer(ip(127,0,0,1)),method(post),request_uri('/select_test'),path('/select_test'),http_version(1-1),host(localhost),port(8080),user_agent('Mozilla/5.0 (X11; Ubuntu; Linux x86_64; rv:80.0) Gecko/20100101 Firefox/80.0'),referer('http://localhost:8080/home'),content_type('application/json'),origin('http://localhost:8080'),content_length(14),connection('keep-alive')]).
completed(62, 0.0033657120000000007, 94, 200, ok).
/*Fri Sep 11 22:22:28 2020*/ request(63, 1599855748.782, [peer(ip(127,0,0,1)),method(post),request_uri('/select_test'),path('/select_test'),http_version(1-1),host(localhost),port(8080),user_agent('Mozilla/5.0 (X11; Ubuntu; Linux x86_64; rv:80.0) Gecko/20100101 Firefox/80.0'),referer('http://localhost:8080/home'),content_type('application/json'),origin('http://localhost:8080'),content_length(14),connection('keep-alive')]).
completed(63, 0.003839641999999999, 260, 200, ok).
/*Fri Sep 11 22:22:33 2020*/ request(64, 1599855753.866, [peer(ip(127,0,0,1)),method(post),request_uri('/select_test'),path('/select_test'),http_version(1-1),host(localhost),port(8080),user_agent('Mozilla/5.0 (X11; Ubuntu; Linux x86_64; rv:80.0) Gecko/20100101 Firefox/80.0'),referer('http://localhost:8080/home'),content_type('application/json'),origin('http://localhost:8080'),content_length(14),connection('keep-alive')]).
completed(64, 0.002699301000000001, 94, 200, ok).
/*Fri Sep 11 22:22:38 2020*/ request(65, 1599855758.375, [peer(ip(127,0,0,1)),method(post),request_uri('/select_test'),path('/select_test'),http_version(1-1),host(localhost),port(8080),user_agent('Mozilla/5.0 (X11; Ubuntu; Linux x86_64; rv:80.0) Gecko/20100101 Firefox/80.0'),referer('http://localhost:8080/home'),content_type('application/json'),origin('http://localhost:8080'),content_length(14),connection('keep-alive')]).
completed(65, 0.00397752, 260, 200, ok).
/*Fri Sep 11 22:22:43 2020*/ request(66, 1599855763.669, [peer(ip(127,0,0,1)),method(post),request_uri('/select_test'),path('/select_test'),http_version(1-1),host(localhost),port(8080),user_agent('Mozilla/5.0 (X11; Ubuntu; Linux x86_64; rv:80.0) Gecko/20100101 Firefox/80.0'),referer('http://localhost:8080/home'),content_type('application/json'),origin('http://localhost:8080'),content_length(14),connection('keep-alive')]).
completed(66, 0.0035531389999999986, 94, 200, ok).
/*Fri Sep 11 22:22:51 2020*/ request(67, 1599855771.803, [peer(ip(127,0,0,1)),method(post),request_uri('/select_test'),path('/select_test'),http_version(1-1),host(localhost),port(8080),user_agent('Mozilla/5.0 (X11; Ubuntu; Linux x86_64; rv:80.0) Gecko/20100101 Firefox/80.0'),referer('http://localhost:8080/home'),content_type('application/json'),origin('http://localhost:8080'),content_length(14),connection('keep-alive')]).
completed(67, 0.003940107, 154, 200, ok).
/*Fri Sep 11 22:22:56 2020*/ request(68, 1599855776.802, [peer(ip(127,0,0,1)),method(post),request_uri('/select_test'),path('/select_test'),http_version(1-1),host(localhost),port(8080),user_agent('Mozilla/5.0 (X11; Ubuntu; Linux x86_64; rv:80.0) Gecko/20100101 Firefox/80.0'),referer('http://localhost:8080/home'),content_type('application/json'),origin('http://localhost:8080'),content_length(14),connection('keep-alive')]).
completed(68, 0.0033027729999999984, 1007, 200, ok).
server(stopped, 1599855964).
